<?xml version="1.0" encoding="UTF-8"?>
<TestRun id="b1f99c4c-6b72-4ecb-98db-5ba364eca1b3" name="Mahesh@MAHESH-PC 2014-08-25 18:31:55" runUser="Mahesh-PC\Mahesh" xmlns="http://microsoft.com/schemas/VisualStudio/TeamTest/2010">
  <TestSettings name="Local" id="af669413-876e-4c9c-addc-5ada33b1b9d2">
    <Description>These are default test settings for a local test run.</Description>
    <Deployment enabled="false" runDeploymentRoot="Mahesh_MAHESH-PC 2014-08-25 18_31_55">
      <DeploymentItem filename="C:\Users\Mahesh\Documents\Visual Studio 2010\Projects\MarieCurieTests\packages\Selenium.WebDriver.2.42.0\lib\net40\WebDriver.dll" />
      <DeploymentItem filename="C:\Users\Mahesh\Documents\Visual Studio 2010\Projects\MarieCurieTests\packages\Selenium.Support.2.42.0\lib\net40\WebDriver.Support.dll" />
      <DeploymentItem filename="C:\Users\Mahesh\Documents\Visual Studio 2010\Projects\MarieCurieTests\packages\SpecFlow.1.9.0\lib\net35\TechTalk.SpecFlow.dll" />
    </Deployment>
    <Execution>
      <TestTypeSpecific />
      <AgentRule name="Execution Agents">
      </AgentRule>
    </Execution>
  </TestSettings>
  <Times creation="2014-08-25T18:31:55.9365596+01:00" queuing="2014-08-25T18:32:04.6940605+01:00" start="2014-08-25T18:32:05.0760824+01:00" finish="2014-08-25T18:33:00.1902347+01:00" />
  <ResultSummary outcome="Failed">
    <Counters total="1" executed="1" error="0" failed="1" timeout="0" aborted="0" inconclusive="0" passedButRunAborted="0" notRunnable="0" notExecuted="0" disconnected="0" warning="0" passed="0" completed="0" inProgress="0" pending="0" />
  </ResultSummary>
  <TestDefinitions>
    <UnitTest name="ValidatingHomePage" storage="c:\users\mahesh\documents\visual studio 2010\projects\mariecurietests\mariecurietests\bin\debug\mariecurietests.dll" id="9edd59c7-39eb-d548-62ec-967b9e836d13">
      <Description>Validating Home Page</Description>
      <TestCategory>
        <TestCategoryItem TestCategory="mytag" />
      </TestCategory>
      <Execution id="2fccb5d7-ddff-47be-805a-05c1990797b3" />
      <Properties>
        <Property>
          <Key>FeatureTitle</Key>
          <Value>ValidateHomePage</Value>
        </Property>
      </Properties>
      <TestMethod codeBase="C:/Users/Mahesh/Documents/Visual Studio 2010/Projects/MarieCurieTests/MarieCurieTests/bin/Debug/MarieCurieTests.DLL" adapterTypeName="Microsoft.VisualStudio.TestTools.TestTypes.Unit.UnitTestAdapter, Microsoft.VisualStudio.QualityTools.Tips.UnitTest.Adapter, Version=10.0.0.0, Culture=neutral, PublicKeyToken=b03f5f7f11d50a3a" className="MarieCurieTests.Features.ValidateHomePageFeature, MarieCurieTests, Version=1.0.0.0, Culture=neutral, PublicKeyToken=null" name="ValidatingHomePage" />
    </UnitTest>
  </TestDefinitions>
  <TestLists>
    <TestList name="Results Not in a List" id="8c84fa94-04c1-424b-9868-57a2d4851a1d" />
    <TestList name="All Loaded Results" id="19431567-8539-422a-85d7-44ee4e166bda" />
  </TestLists>
  <TestEntries>
    <TestEntry testId="9edd59c7-39eb-d548-62ec-967b9e836d13" executionId="2fccb5d7-ddff-47be-805a-05c1990797b3" testListId="8c84fa94-04c1-424b-9868-57a2d4851a1d" />
  </TestEntries>
  <Results>
    <UnitTestResult executionId="2fccb5d7-ddff-47be-805a-05c1990797b3" testId="9edd59c7-39eb-d548-62ec-967b9e836d13" testName="ValidatingHomePage" computerName="MAHESH-PC" duration="00:00:51.7738346" startTime="2014-08-25T18:32:05.2740937+01:00" endTime="2014-08-25T18:32:59.7062070+01:00" testType="13cdc9d9-ddb5-4fa4-a97d-d965ccfc6d4b" outcome="Failed" testListId="8c84fa94-04c1-424b-9868-57a2d4851a1d" relativeResultsDirectory="2fccb5d7-ddff-47be-805a-05c1990797b3">
      <Output>
        <StdOut>Given I enter homepage url
-&gt; done: AllGiven.GivenIEnterHomepageUrl() (16.6s)
Then I should see Homepage
-&gt; error: Assert.AreEqual failed. Expected:&lt;Marie Curie Cancer Care&gt;. Actual:&lt;&gt;.</StdOut>
        <ErrorInfo>
          <Message>Assert.AreEqual failed. Expected:&lt;Marie Curie Cancer Care&gt;. Actual:&lt;&gt;. </Message>
          <StackTrace>   at MarieCurieTests.StepDefinitions.AllThen.ThenIShouldSeeHomepage() in C:\Users\Mahesh\Documents\Visual Studio 2010\Projects\MarieCurieTests\MarieCurieTests\StepDefinitions\AllThen.cs:line 25
   at lambda_method(Closure , IContextManager )
   at TechTalk.SpecFlow.Bindings.BindingInvoker.InvokeBinding(IBinding binding, IContextManager contextManager, Object[] arguments, ITestTracer testTracer, TimeSpan&amp; duration)
   at TechTalk.SpecFlow.Infrastructure.TestExecutionEngine.ExecuteStepMatch(BindingMatch match, Object[] arguments)
   at TechTalk.SpecFlow.Infrastructure.TestExecutionEngine.ExecuteStep(StepInstance stepInstance)
   at TechTalk.SpecFlow.Infrastructure.TestExecutionEngine.OnAfterLastStep()
   at TechTalk.SpecFlow.TestRunner.CollectScenarioErrors()
   at MarieCurieTests.Features.ValidateHomePageFeature.ScenarioCleanup() in C:\Users\Mahesh\Documents\Visual Studio 2010\Projects\MarieCurieTests\MarieCurieTests\Features\ValidateHomePage.feature.cs:line 0
   at MarieCurieTests.Features.ValidateHomePageFeature.ValidatingHomePage() in c:\Users\Mahesh\Documents\Visual Studio 2010\Projects\MarieCurieTests\MarieCurieTests\Features\ValidateHomePage.feature:line 10
</StackTrace>
        </ErrorInfo>
      </Output>
    </UnitTestResult>
  </Results>
</TestRun>