<?xml version="1.0" encoding="UTF-8"?>
<TestRun id="fa575963-e0db-4177-8537-8eb440608eab" name="Mahesh@MAHESH-PC 2014-08-28 18:18:53" runUser="Mahesh-PC\Mahesh" xmlns="http://microsoft.com/schemas/VisualStudio/TeamTest/2010">
  <TestSettings name="Local" id="af669413-876e-4c9c-addc-5ada33b1b9d2">
    <Description>These are default test settings for a local test run.</Description>
    <Deployment enabled="false" runDeploymentRoot="Mahesh_MAHESH-PC 2014-08-28 18_18_53">
      <DeploymentItem filename="C:\Users\Mahesh\Documents\Visual Studio 2010\Projects\MarieCurieTests\packages\Selenium.WebDriver.2.42.0\lib\net40\WebDriver.dll" />
      <DeploymentItem filename="C:\Users\Mahesh\Documents\Visual Studio 2010\Projects\MarieCurieTests\packages\Selenium.Support.2.42.0\lib\net40\WebDriver.Support.dll" />
      <DeploymentItem filename="C:\Users\Mahesh\Documents\Visual Studio 2010\Projects\MarieCurieTests\packages\SpecFlow.1.9.0\lib\net35\TechTalk.SpecFlow.dll" />
    </Deployment>
    <Execution>
      <TestTypeSpecific />
      <AgentRule name="Execution Agents">
      </AgentRule>
    </Execution>
  </TestSettings>
  <Times creation="2014-08-28T18:18:53.0519140+01:00" queuing="2014-08-28T18:18:54.8450166+01:00" start="2014-08-28T18:18:55.0710295+01:00" finish="2014-08-28T18:19:31.8861352+01:00" />
  <ResultSummary outcome="Error">
    <Counters total="7" executed="3" passed="2" error="0" failed="0" timeout="0" aborted="1" inconclusive="0" passedButRunAborted="0" notRunnable="0" notExecuted="4" disconnected="0" warning="0" completed="0" inProgress="0" pending="0" />
    <RunInfos>
      <RunInfo computerName="MAHESH-PC" outcome="Error" timestamp="2014-08-28T18:19:31.8831350+01:00">
        <Text>Test host process exited unexpectedly.</Text>
      </RunInfo>
    </RunInfos>
  </ResultSummary>
  <TestDefinitions>
    <UnitTest name="Donation_MakeAOne_OffDonation" storage="c:\users\mahesh\documents\visual studio 2010\projects\mariecurietests\mariecurietests\bin\debug\mariecurietests.dll" id="bde68202-514c-5b5f-d89c-43cc7206a39f">
      <Description>Donation</Description>
      <TestCategory>
        <TestCategoryItem TestCategory="mytag" />
      </TestCategory>
      <Execution id="dc05f0aa-1688-4f9e-b979-befd25c42803" />
      <Properties>
        <Property>
          <Key>FeatureTitle</Key>
          <Value>MakeDonation</Value>
        </Property>
        <Property>
          <Key>VariantName</Key>
          <Value>Make a one-off donation</Value>
        </Property>
        <Property>
          <Key>Parameter:Donation Type</Key>
          <Value>Make a one-off donation</Value>
        </Property>
        <Property>
          <Key>Parameter:PageHeader</Key>
          <Value>Make a one-off donation</Value>
        </Property>
      </Properties>
      <TestMethod codeBase="C:/Users/Mahesh/Documents/Visual Studio 2010/Projects/MarieCurieTests/MarieCurieTests/bin/Debug/MarieCurieTests.DLL" adapterTypeName="Microsoft.VisualStudio.TestTools.TestTypes.Unit.UnitTestAdapter, Microsoft.VisualStudio.QualityTools.Tips.UnitTest.Adapter, Version=10.0.0.0, Culture=neutral, PublicKeyToken=b03f5f7f11d50a3a" className="MarieCurieTests.Features.MakeDonationFeature, MarieCurieTests, Version=1.0.0.0, Culture=neutral, PublicKeyToken=null" name="Donation_MakeAOne_OffDonation" />
    </UnitTest>
    <UnitTest name="ImagesAreRenderedProperly" storage="c:\users\mahesh\documents\visual studio 2010\projects\mariecurietests\mariecurietests\bin\debug\mariecurietests.dll" id="ff389ca3-d528-90fa-bd53-3485174bbf70">
      <Description>Images are rendered properly</Description>
      <TestCategory>
        <TestCategoryItem TestCategory="mytag" />
      </TestCategory>
      <Execution id="7a5dde59-b49b-4be0-850e-f11033a58cfa" />
      <Properties>
        <Property>
          <Key>FeatureTitle</Key>
          <Value>is Image displayed</Value>
        </Property>
      </Properties>
      <TestMethod codeBase="C:/Users/Mahesh/Documents/Visual Studio 2010/Projects/MarieCurieTests/MarieCurieTests/bin/Debug/MarieCurieTests.DLL" adapterTypeName="Microsoft.VisualStudio.TestTools.TestTypes.Unit.UnitTestAdapter, Microsoft.VisualStudio.QualityTools.Tips.UnitTest.Adapter, Version=10.0.0.0, Culture=neutral, PublicKeyToken=b03f5f7f11d50a3a" className="MarieCurieTests.Features.IsImageDisplayedFeature, MarieCurieTests, Version=1.0.0.0, Culture=neutral, PublicKeyToken=null" name="ImagesAreRenderedProperly" />
    </UnitTest>
    <UnitTest name="InvaliLogin_123Gmail_Com" storage="c:\users\mahesh\documents\visual studio 2010\projects\mariecurietests\mariecurietests\bin\debug\mariecurietests.dll" id="c8c7b80d-5a20-9d98-f709-9bce4e95f560">
      <Description>Invali Login</Description>
      <TestCategory>
        <TestCategoryItem TestCategory="mytag" />
      </TestCategory>
      <Execution id="413242ef-7d08-4da2-9996-9e11c36c32af" />
      <Properties>
        <Property>
          <Key>FeatureTitle</Key>
          <Value>InValidLogin</Value>
        </Property>
        <Property>
          <Key>VariantName</Key>
          <Value>123@gmail.com</Value>
        </Property>
        <Property>
          <Key>Parameter:Username</Key>
          <Value>123@gmail.com</Value>
        </Property>
        <Property>
          <Key>Parameter:password</Key>
          <Value>asdrfd</Value>
        </Property>
      </Properties>
      <TestMethod codeBase="C:/Users/Mahesh/Documents/Visual Studio 2010/Projects/MarieCurieTests/MarieCurieTests/bin/Debug/MarieCurieTests.DLL" adapterTypeName="Microsoft.VisualStudio.TestTools.TestTypes.Unit.UnitTestAdapter, Microsoft.VisualStudio.QualityTools.Tips.UnitTest.Adapter, Version=10.0.0.0, Culture=neutral, PublicKeyToken=b03f5f7f11d50a3a" className="MarieCurieTests.Features.InValidLoginFeature, MarieCurieTests, Version=1.0.0.0, Culture=neutral, PublicKeyToken=null" name="InvaliLogin_123Gmail_Com" />
    </UnitTest>
    <UnitTest name="ValidatingHomePage" storage="c:\users\mahesh\documents\visual studio 2010\projects\mariecurietests\mariecurietests\bin\debug\mariecurietests.dll" id="9edd59c7-39eb-d548-62ec-967b9e836d13">
      <Description>Validating Home Page</Description>
      <Execution id="d4349768-7119-4f8e-9665-fc1cffafb32f" />
      <Properties>
        <Property>
          <Key>FeatureTitle</Key>
          <Value>ValidateHomePage</Value>
        </Property>
      </Properties>
      <TestMethod codeBase="C:/Users/Mahesh/Documents/Visual Studio 2010/Projects/MarieCurieTests/MarieCurieTests/bin/Debug/MarieCurieTests.DLL" adapterTypeName="Microsoft.VisualStudio.TestTools.TestTypes.Unit.UnitTestAdapter, Microsoft.VisualStudio.QualityTools.Tips.UnitTest.Adapter, Version=10.0.0.0, Culture=neutral, PublicKeyToken=b03f5f7f11d50a3a" className="MarieCurieTests.Features.ValidateHomePageFeature, MarieCurieTests, Version=1.0.0.0, Culture=neutral, PublicKeyToken=null" name="ValidatingHomePage" />
    </UnitTest>
    <UnitTest name="Donation_MakeARegularDonation" storage="c:\users\mahesh\documents\visual studio 2010\projects\mariecurietests\mariecurietests\bin\debug\mariecurietests.dll" id="838a989b-3c8e-cdc6-cf57-1d4ff66afa82">
      <Description>Donation</Description>
      <TestCategory>
        <TestCategoryItem TestCategory="mytag" />
      </TestCategory>
      <Execution id="5cc67b8c-8d16-44c0-9799-78a2e78f0f0d" />
      <Properties>
        <Property>
          <Key>FeatureTitle</Key>
          <Value>MakeDonation</Value>
        </Property>
        <Property>
          <Key>VariantName</Key>
          <Value>Make a regular donation</Value>
        </Property>
        <Property>
          <Key>Parameter:Donation Type</Key>
          <Value>Make a regular donation</Value>
        </Property>
        <Property>
          <Key>Parameter:PageHeader</Key>
          <Value>Make a donation</Value>
        </Property>
      </Properties>
      <TestMethod codeBase="C:/Users/Mahesh/Documents/Visual Studio 2010/Projects/MarieCurieTests/MarieCurieTests/bin/Debug/MarieCurieTests.DLL" adapterTypeName="Microsoft.VisualStudio.TestTools.TestTypes.Unit.UnitTestAdapter, Microsoft.VisualStudio.QualityTools.Tips.UnitTest.Adapter, Version=10.0.0.0, Culture=neutral, PublicKeyToken=b03f5f7f11d50a3a" className="MarieCurieTests.Features.MakeDonationFeature, MarieCurieTests, Version=1.0.0.0, Culture=neutral, PublicKeyToken=null" name="Donation_MakeARegularDonation" />
    </UnitTest>
    <UnitTest name="ValidatingTabContentOnHomePage" storage="c:\users\mahesh\documents\visual studio 2010\projects\mariecurietests\mariecurietests\bin\debug\mariecurietests.dll" id="0b7d4888-3690-0dd8-8390-a4d6ebe9e687">
      <Description>Validating Tab content on Home Page</Description>
      <TestCategory>
        <TestCategoryItem TestCategory="mytag" />
      </TestCategory>
      <Execution id="122e3e21-6d70-40d6-a09d-84e681f9183a" />
      <Properties>
        <Property>
          <Key>FeatureTitle</Key>
          <Value>ValidateHomePageTabs</Value>
        </Property>
      </Properties>
      <TestMethod codeBase="C:/Users/Mahesh/Documents/Visual Studio 2010/Projects/MarieCurieTests/MarieCurieTests/bin/Debug/MarieCurieTests.DLL" adapterTypeName="Microsoft.VisualStudio.TestTools.TestTypes.Unit.UnitTestAdapter, Microsoft.VisualStudio.QualityTools.Tips.UnitTest.Adapter, Version=10.0.0.0, Culture=neutral, PublicKeyToken=b03f5f7f11d50a3a" className="MarieCurieTests.Features.ValidateHomePageTabsFeature, MarieCurieTests, Version=1.0.0.0, Culture=neutral, PublicKeyToken=null" name="ValidatingTabContentOnHomePage" />
    </UnitTest>
    <UnitTest name="InvaliLogin_AbcGmail_Com" storage="c:\users\mahesh\documents\visual studio 2010\projects\mariecurietests\mariecurietests\bin\debug\mariecurietests.dll" id="e950277a-96dc-0149-e631-9a6a18b0a887">
      <Description>Invali Login</Description>
      <TestCategory>
        <TestCategoryItem TestCategory="mytag" />
      </TestCategory>
      <Execution id="c3ad759a-e2f0-47b5-aa76-c1e211f8e179" />
      <Properties>
        <Property>
          <Key>FeatureTitle</Key>
          <Value>InValidLogin</Value>
        </Property>
        <Property>
          <Key>VariantName</Key>
          <Value>abc@gmail.com</Value>
        </Property>
        <Property>
          <Key>Parameter:Username</Key>
          <Value>abc@gmail.com</Value>
        </Property>
        <Property>
          <Key>Parameter:password</Key>
          <Value>12345</Value>
        </Property>
      </Properties>
      <TestMethod codeBase="C:/Users/Mahesh/Documents/Visual Studio 2010/Projects/MarieCurieTests/MarieCurieTests/bin/Debug/MarieCurieTests.DLL" adapterTypeName="Microsoft.VisualStudio.TestTools.TestTypes.Unit.UnitTestAdapter, Microsoft.VisualStudio.QualityTools.Tips.UnitTest.Adapter, Version=10.0.0.0, Culture=neutral, PublicKeyToken=b03f5f7f11d50a3a" className="MarieCurieTests.Features.InValidLoginFeature, MarieCurieTests, Version=1.0.0.0, Culture=neutral, PublicKeyToken=null" name="InvaliLogin_AbcGmail_Com" />
    </UnitTest>
  </TestDefinitions>
  <TestLists>
    <TestList name="Results Not in a List" id="8c84fa94-04c1-424b-9868-57a2d4851a1d" />
    <TestList name="All Loaded Results" id="19431567-8539-422a-85d7-44ee4e166bda" />
  </TestLists>
  <TestEntries>
    <TestEntry testId="0b7d4888-3690-0dd8-8390-a4d6ebe9e687" executionId="122e3e21-6d70-40d6-a09d-84e681f9183a" testListId="8c84fa94-04c1-424b-9868-57a2d4851a1d" />
    <TestEntry testId="c8c7b80d-5a20-9d98-f709-9bce4e95f560" executionId="413242ef-7d08-4da2-9996-9e11c36c32af" testListId="8c84fa94-04c1-424b-9868-57a2d4851a1d" />
    <TestEntry testId="e950277a-96dc-0149-e631-9a6a18b0a887" executionId="c3ad759a-e2f0-47b5-aa76-c1e211f8e179" testListId="8c84fa94-04c1-424b-9868-57a2d4851a1d" />
    <TestEntry testId="9edd59c7-39eb-d548-62ec-967b9e836d13" executionId="d4349768-7119-4f8e-9665-fc1cffafb32f" testListId="8c84fa94-04c1-424b-9868-57a2d4851a1d" />
    <TestEntry testId="838a989b-3c8e-cdc6-cf57-1d4ff66afa82" executionId="5cc67b8c-8d16-44c0-9799-78a2e78f0f0d" testListId="8c84fa94-04c1-424b-9868-57a2d4851a1d" />
    <TestEntry testId="bde68202-514c-5b5f-d89c-43cc7206a39f" executionId="dc05f0aa-1688-4f9e-b979-befd25c42803" testListId="8c84fa94-04c1-424b-9868-57a2d4851a1d" />
    <TestEntry testId="ff389ca3-d528-90fa-bd53-3485174bbf70" executionId="7a5dde59-b49b-4be0-850e-f11033a58cfa" testListId="8c84fa94-04c1-424b-9868-57a2d4851a1d" />
  </TestEntries>
  <Results>
    <UnitTestResult executionId="122e3e21-6d70-40d6-a09d-84e681f9183a" testId="0b7d4888-3690-0dd8-8390-a4d6ebe9e687" testName="ValidatingTabContentOnHomePage" computerName="MAHESH-PC" duration="00:00:18.6159239" startTime="2014-08-28T18:18:55.2450395+01:00" endTime="2014-08-28T18:19:15.1931804+01:00" testType="13cdc9d9-ddb5-4fa4-a97d-d965ccfc6d4b" outcome="Passed" testListId="8c84fa94-04c1-424b-9868-57a2d4851a1d" relativeResultsDirectory="122e3e21-6d70-40d6-a09d-84e681f9183a">
      <Output>
        <StdOut>Given I enter homepage url
-&gt; done: AllGiven.GivenIEnterHomepageUrl() (14.1s)
Then I should see tab contents with one active at any time
-&gt; done: AllThen.ThenIShouldSeeTabContentsWithOneActiveAtAnyTime() (2.9s)</StdOut>
        <DebugTrace>1
C:\Users\Mahesh\Documents\Visual Studio 2010\Projects\MarieCurieTests\TestResults\Mahesh_MAHESH-PC 2014-08-28 18_18_53\Out\
</DebugTrace>
      </Output>
    </UnitTestResult>
    <UnitTestResult executionId="413242ef-7d08-4da2-9996-9e11c36c32af" testId="c8c7b80d-5a20-9d98-f709-9bce4e95f560" testName="InvaliLogin_123Gmail_Com" computerName="MAHESH-PC" duration="00:00:10.1737060" startTime="2014-08-28T18:19:15.2221821+01:00" endTime="2014-08-28T18:19:25.4197654+01:00" testType="13cdc9d9-ddb5-4fa4-a97d-d965ccfc6d4b" outcome="Passed" testListId="8c84fa94-04c1-424b-9868-57a2d4851a1d" relativeResultsDirectory="413242ef-7d08-4da2-9996-9e11c36c32af">
      <Output>
        <StdOut>Given I am on OnlineShop page
-&gt; done: AllGiven.GivenIAmOnOnlineShopPage() (0.1s)
When I enter invalid username "123@gmail.com" and password "asdrfd"
-&gt; done: AllWhen.WhenIEnterInvalidUsernameAndPassword("123@gmail.com", "asdrfd") (7.1s)
Then I shoud see error message being displayed
-&gt; done: AllThen.ThenIShoudSeeErrorMessageBeingDisplayed() (2.5s)</StdOut>
        <DebugTrace>C:\Users\Mahesh\Documents\Visual Studio 2010\Projects\MarieCurieTests\TestResults\Mahesh_MAHESH-PC 2014-08-28 18_18_53\Out\
</DebugTrace>
      </Output>
    </UnitTestResult>
    <UnitTestResult executionId="c3ad759a-e2f0-47b5-aa76-c1e211f8e179" testId="e950277a-96dc-0149-e631-9a6a18b0a887" testName="InvaliLogin_AbcGmail_Com" computerName="MAHESH-PC" duration="00:00:06.4423685" startTime="2014-08-28T18:19:25.4427667+01:00" endTime="2014-08-28T18:19:31.8851352+01:00" testType="13cdc9d9-ddb5-4fa4-a97d-d965ccfc6d4b" outcome="Aborted" testListId="8c84fa94-04c1-424b-9868-57a2d4851a1d" relativeResultsDirectory="c3ad759a-e2f0-47b5-aa76-c1e211f8e179">
    </UnitTestResult>
    <UnitTestResult executionId="d4349768-7119-4f8e-9665-fc1cffafb32f" testId="9edd59c7-39eb-d548-62ec-967b9e836d13" testName="ValidatingHomePage" computerName="MAHESH-PC" testType="13cdc9d9-ddb5-4fa4-a97d-d965ccfc6d4b" outcome="NotExecuted" testListId="8c84fa94-04c1-424b-9868-57a2d4851a1d" relativeResultsDirectory="d4349768-7119-4f8e-9665-fc1cffafb32f">
    </UnitTestResult>
    <UnitTestResult executionId="5cc67b8c-8d16-44c0-9799-78a2e78f0f0d" testId="838a989b-3c8e-cdc6-cf57-1d4ff66afa82" testName="Donation_MakeARegularDonation" computerName="MAHESH-PC" testType="13cdc9d9-ddb5-4fa4-a97d-d965ccfc6d4b" outcome="NotExecuted" testListId="8c84fa94-04c1-424b-9868-57a2d4851a1d" relativeResultsDirectory="5cc67b8c-8d16-44c0-9799-78a2e78f0f0d">
    </UnitTestResult>
    <UnitTestResult executionId="dc05f0aa-1688-4f9e-b979-befd25c42803" testId="bde68202-514c-5b5f-d89c-43cc7206a39f" testName="Donation_MakeAOne_OffDonation" computerName="MAHESH-PC" testType="13cdc9d9-ddb5-4fa4-a97d-d965ccfc6d4b" outcome="NotExecuted" testListId="8c84fa94-04c1-424b-9868-57a2d4851a1d" relativeResultsDirectory="dc05f0aa-1688-4f9e-b979-befd25c42803">
    </UnitTestResult>
    <UnitTestResult executionId="7a5dde59-b49b-4be0-850e-f11033a58cfa" testId="ff389ca3-d528-90fa-bd53-3485174bbf70" testName="ImagesAreRenderedProperly" computerName="MAHESH-PC" testType="13cdc9d9-ddb5-4fa4-a97d-d965ccfc6d4b" outcome="NotExecuted" testListId="8c84fa94-04c1-424b-9868-57a2d4851a1d" relativeResultsDirectory="7a5dde59-b49b-4be0-850e-f11033a58cfa">
    </UnitTestResult>
  </Results>
</TestRun>