<?xml version="1.0" encoding="UTF-8"?>
<TestRun id="3778391e-5453-4473-93fc-da2648135a85" name="Mahesh@MAHESH-PC 2014-08-23 20:57:57" runUser="Mahesh-PC\Mahesh" xmlns="http://microsoft.com/schemas/VisualStudio/TeamTest/2010">
  <TestSettings name="Local" id="af669413-876e-4c9c-addc-5ada33b1b9d2">
    <Description>These are default test settings for a local test run.</Description>
    <Deployment enabled="false" runDeploymentRoot="Mahesh_MAHESH-PC 2014-08-23 20_57_57">
      <DeploymentItem filename="C:\Users\Mahesh\Documents\Visual Studio 2010\Projects\MarieCurieTests\packages\Selenium.WebDriver.2.42.0\lib\net40\WebDriver.dll" />
      <DeploymentItem filename="C:\Users\Mahesh\Documents\Visual Studio 2010\Projects\MarieCurieTests\packages\Selenium.Support.2.42.0\lib\net40\WebDriver.Support.dll" />
      <DeploymentItem filename="C:\Users\Mahesh\Documents\Visual Studio 2010\Projects\MarieCurieTests\packages\SpecFlow.1.9.0\lib\net35\TechTalk.SpecFlow.dll" />
    </Deployment>
    <Execution>
      <TestTypeSpecific />
      <AgentRule name="Execution Agents">
      </AgentRule>
    </Execution>
  </TestSettings>
  <Times creation="2014-08-23T20:57:57.4908089+01:00" queuing="2014-08-23T20:58:00.4846392+01:00" start="2014-08-23T20:58:00.6718395+01:00" finish="2014-08-23T20:58:02.0134419+01:00" />
  <ResultSummary outcome="Completed">
    <Counters total="1" executed="1" passed="1" error="0" failed="0" timeout="0" aborted="0" inconclusive="0" passedButRunAborted="0" notRunnable="0" notExecuted="0" disconnected="0" warning="0" completed="0" inProgress="0" pending="0" />
  </ResultSummary>
  <TestDefinitions>
    <UnitTest name="TestMethod1" storage="c:\users\mahesh\documents\visual studio 2010\projects\mariecurietests\mariecurietests\bin\debug\mariecurietests.dll" id="eb107ff5-cd15-8a88-606d-a0165713f869">
      <Execution id="4ca80de1-c5ec-4433-8adf-706427bc3faa" />
      <TestMethod codeBase="C:/Users/Mahesh/Documents/Visual Studio 2010/Projects/MarieCurieTests/MarieCurieTests/bin/Debug/MarieCurieTests.DLL" adapterTypeName="Microsoft.VisualStudio.TestTools.TestTypes.Unit.UnitTestAdapter, Microsoft.VisualStudio.QualityTools.Tips.UnitTest.Adapter, Version=10.0.0.0, Culture=neutral, PublicKeyToken=b03f5f7f11d50a3a" className="MarieCurieTests.UnitTest1, MarieCurieTests, Version=1.0.0.0, Culture=neutral, PublicKeyToken=null" name="TestMethod1" />
    </UnitTest>
  </TestDefinitions>
  <TestLists>
    <TestList name="Results Not in a List" id="8c84fa94-04c1-424b-9868-57a2d4851a1d" />
    <TestList name="All Loaded Results" id="19431567-8539-422a-85d7-44ee4e166bda" />
  </TestLists>
  <TestEntries>
    <TestEntry testId="eb107ff5-cd15-8a88-606d-a0165713f869" executionId="4ca80de1-c5ec-4433-8adf-706427bc3faa" testListId="8c84fa94-04c1-424b-9868-57a2d4851a1d" />
  </TestEntries>
  <Results>
    <UnitTestResult executionId="4ca80de1-c5ec-4433-8adf-706427bc3faa" testId="eb107ff5-cd15-8a88-606d-a0165713f869" testName="TestMethod1" computerName="MAHESH-PC" duration="00:00:00.0149911" startTime="2014-08-23T20:58:00.7966397+01:00" endTime="2014-08-23T20:58:01.7482414+01:00" testType="13cdc9d9-ddb5-4fa4-a97d-d965ccfc6d4b" outcome="Passed" testListId="8c84fa94-04c1-424b-9868-57a2d4851a1d" relativeResultsDirectory="4ca80de1-c5ec-4433-8adf-706427bc3faa">
    </UnitTestResult>
  </Results>
</TestRun>