<?xml version="1.0" encoding="UTF-8"?>
<TestRun id="eda50d80-08ba-4387-9cc8-6c9f5fa39130" name="Mahesh@MAHESH-PC 2014-08-26 21:36:55" runUser="Mahesh-PC\Mahesh" xmlns="http://microsoft.com/schemas/VisualStudio/TeamTest/2010">
  <TestSettings name="Local" id="af669413-876e-4c9c-addc-5ada33b1b9d2">
    <Description>These are default test settings for a local test run.</Description>
    <Deployment enabled="false" runDeploymentRoot="Mahesh_MAHESH-PC 2014-08-26 21_36_55">
      <DeploymentItem filename="C:\Users\Mahesh\Documents\Visual Studio 2010\Projects\MarieCurieTests\packages\Selenium.WebDriver.2.42.0\lib\net40\WebDriver.dll" />
      <DeploymentItem filename="C:\Users\Mahesh\Documents\Visual Studio 2010\Projects\MarieCurieTests\packages\Selenium.Support.2.42.0\lib\net40\WebDriver.Support.dll" />
      <DeploymentItem filename="C:\Users\Mahesh\Documents\Visual Studio 2010\Projects\MarieCurieTests\packages\SpecFlow.1.9.0\lib\net35\TechTalk.SpecFlow.dll" />
    </Deployment>
    <Execution>
      <TestTypeSpecific />
      <AgentRule name="Execution Agents">
      </AgentRule>
    </Execution>
  </TestSettings>
  <Times creation="2014-08-26T21:36:55.1571140+01:00" queuing="2014-08-26T21:36:56.7362043+01:00" start="2014-08-26T21:36:56.8532110+01:00" finish="2014-08-26T21:37:14.5094192+01:00" />
  <ResultSummary outcome="Completed">
    <Counters total="1" executed="1" passed="1" error="0" failed="0" timeout="0" aborted="0" inconclusive="0" passedButRunAborted="0" notRunnable="0" notExecuted="0" disconnected="0" warning="0" completed="0" inProgress="0" pending="0" />
  </ResultSummary>
  <TestDefinitions>
    <UnitTest name="ValidatingHomePage" storage="c:\users\mahesh\documents\visual studio 2010\projects\mariecurietests\mariecurietests\bin\debug\mariecurietests.dll" id="9edd59c7-39eb-d548-62ec-967b9e836d13">
      <Description>Validating Home Page</Description>
      <Execution id="0a48b277-cb5a-4c32-b0d4-70854076b90a" />
      <Properties>
        <Property>
          <Key>FeatureTitle</Key>
          <Value>ValidateHomePage</Value>
        </Property>
      </Properties>
      <TestMethod codeBase="C:/Users/Mahesh/Documents/Visual Studio 2010/Projects/MarieCurieTests/MarieCurieTests/bin/Debug/MarieCurieTests.DLL" adapterTypeName="Microsoft.VisualStudio.TestTools.TestTypes.Unit.UnitTestAdapter, Microsoft.VisualStudio.QualityTools.Tips.UnitTest.Adapter, Version=10.0.0.0, Culture=neutral, PublicKeyToken=b03f5f7f11d50a3a" className="MarieCurieTests.Features.ValidateHomePageFeature, MarieCurieTests, Version=1.0.0.0, Culture=neutral, PublicKeyToken=null" name="ValidatingHomePage" />
    </UnitTest>
  </TestDefinitions>
  <TestLists>
    <TestList name="Results Not in a List" id="8c84fa94-04c1-424b-9868-57a2d4851a1d" />
    <TestList name="All Loaded Results" id="19431567-8539-422a-85d7-44ee4e166bda" />
  </TestLists>
  <TestEntries>
    <TestEntry testId="9edd59c7-39eb-d548-62ec-967b9e836d13" executionId="0a48b277-cb5a-4c32-b0d4-70854076b90a" testListId="8c84fa94-04c1-424b-9868-57a2d4851a1d" />
  </TestEntries>
  <Results>
    <UnitTestResult executionId="0a48b277-cb5a-4c32-b0d4-70854076b90a" testId="9edd59c7-39eb-d548-62ec-967b9e836d13" testName="ValidatingHomePage" computerName="MAHESH-PC" duration="00:00:15.7676350" startTime="2014-08-26T21:36:56.9482165+01:00" endTime="2014-08-26T21:37:14.3634108+01:00" testType="13cdc9d9-ddb5-4fa4-a97d-d965ccfc6d4b" outcome="Passed" testListId="8c84fa94-04c1-424b-9868-57a2d4851a1d" relativeResultsDirectory="0a48b277-cb5a-4c32-b0d4-70854076b90a">
      <Output>
        <StdOut>Given I enter homepage url
-&gt; done: AllGiven.GivenIEnterHomepageUrl() (13.9s)
Then I should see Homepage
-&gt; done: AllThen.ThenIShouldSeeHomepage() (1.7s)</StdOut>
        <DebugTrace>1
</DebugTrace>
      </Output>
    </UnitTestResult>
  </Results>
</TestRun>