<?xml version="1.0" encoding="UTF-8"?>
<TestRun id="bb6b8112-70b8-4346-a11c-c4b19cc97cb5" name="Mahesh@MAHESH-PC 2014-08-28 18:35:32" runUser="Mahesh-PC\Mahesh" xmlns="http://microsoft.com/schemas/VisualStudio/TeamTest/2010">
  <TestSettings name="Local" id="af669413-876e-4c9c-addc-5ada33b1b9d2">
    <Description>These are default test settings for a local test run.</Description>
    <Deployment enabled="false" runDeploymentRoot="Mahesh_MAHESH-PC 2014-08-28 18_35_32">
      <DeploymentItem filename="C:\Users\Mahesh\Documents\Visual Studio 2010\Projects\MarieCurieTests\packages\Selenium.WebDriver.2.42.0\lib\net40\WebDriver.dll" />
      <DeploymentItem filename="C:\Users\Mahesh\Documents\Visual Studio 2010\Projects\MarieCurieTests\packages\Selenium.Support.2.42.0\lib\net40\WebDriver.Support.dll" />
      <DeploymentItem filename="C:\Users\Mahesh\Documents\Visual Studio 2010\Projects\MarieCurieTests\packages\SpecFlow.1.9.0\lib\net35\TechTalk.SpecFlow.dll" />
    </Deployment>
    <Execution>
      <TestTypeSpecific />
      <AgentRule name="Execution Agents">
      </AgentRule>
    </Execution>
  </TestSettings>
  <Times creation="2014-08-28T18:35:32.9071025+01:00" queuing="2014-08-28T18:35:33.4861356+01:00" start="2014-08-28T18:35:33.5761407+01:00" finish="2014-08-28T18:36:08.6741482+01:00" />
  <ResultSummary outcome="Completed">
    <Counters total="2" executed="2" passed="2" error="0" failed="0" timeout="0" aborted="0" inconclusive="0" passedButRunAborted="0" notRunnable="0" notExecuted="0" disconnected="0" warning="0" completed="0" inProgress="0" pending="0" />
  </ResultSummary>
  <TestDefinitions>
    <UnitTest name="InvaliLogin_AbcGmail_Com" storage="c:\users\mahesh\documents\visual studio 2010\projects\mariecurietests\mariecurietests\bin\debug\mariecurietests.dll" id="e950277a-96dc-0149-e631-9a6a18b0a887">
      <Description>Invali Login</Description>
      <TestCategory>
        <TestCategoryItem TestCategory="mytag" />
      </TestCategory>
      <Execution id="5d85c352-b1a0-41f6-a0ab-7efff94ec4d7" />
      <Properties>
        <Property>
          <Key>FeatureTitle</Key>
          <Value>InValidLogin</Value>
        </Property>
        <Property>
          <Key>VariantName</Key>
          <Value>abc@gmail.com</Value>
        </Property>
        <Property>
          <Key>Parameter:Username</Key>
          <Value>abc@gmail.com</Value>
        </Property>
        <Property>
          <Key>Parameter:password</Key>
          <Value>12345</Value>
        </Property>
      </Properties>
      <TestMethod codeBase="C:/Users/Mahesh/Documents/Visual Studio 2010/Projects/MarieCurieTests/MarieCurieTests/bin/Debug/MarieCurieTests.DLL" adapterTypeName="Microsoft.VisualStudio.TestTools.TestTypes.Unit.UnitTestAdapter, Microsoft.VisualStudio.QualityTools.Tips.UnitTest.Adapter, Version=10.0.0.0, Culture=neutral, PublicKeyToken=b03f5f7f11d50a3a" className="MarieCurieTests.Features.InValidLoginFeature, MarieCurieTests, Version=1.0.0.0, Culture=neutral, PublicKeyToken=null" name="InvaliLogin_AbcGmail_Com" />
    </UnitTest>
    <UnitTest name="InvaliLogin_123Gmail_Com" storage="c:\users\mahesh\documents\visual studio 2010\projects\mariecurietests\mariecurietests\bin\debug\mariecurietests.dll" id="c8c7b80d-5a20-9d98-f709-9bce4e95f560">
      <Description>Invali Login</Description>
      <TestCategory>
        <TestCategoryItem TestCategory="mytag" />
      </TestCategory>
      <Execution id="01684e3d-d1a8-4bc4-85c6-7e5dd0103569" />
      <Properties>
        <Property>
          <Key>FeatureTitle</Key>
          <Value>InValidLogin</Value>
        </Property>
        <Property>
          <Key>VariantName</Key>
          <Value>123@gmail.com</Value>
        </Property>
        <Property>
          <Key>Parameter:Username</Key>
          <Value>123@gmail.com</Value>
        </Property>
        <Property>
          <Key>Parameter:password</Key>
          <Value>asdrfd</Value>
        </Property>
      </Properties>
      <TestMethod codeBase="C:/Users/Mahesh/Documents/Visual Studio 2010/Projects/MarieCurieTests/MarieCurieTests/bin/Debug/MarieCurieTests.DLL" adapterTypeName="Microsoft.VisualStudio.TestTools.TestTypes.Unit.UnitTestAdapter, Microsoft.VisualStudio.QualityTools.Tips.UnitTest.Adapter, Version=10.0.0.0, Culture=neutral, PublicKeyToken=b03f5f7f11d50a3a" className="MarieCurieTests.Features.InValidLoginFeature, MarieCurieTests, Version=1.0.0.0, Culture=neutral, PublicKeyToken=null" name="InvaliLogin_123Gmail_Com" />
    </UnitTest>
  </TestDefinitions>
  <TestLists>
    <TestList name="Results Not in a List" id="8c84fa94-04c1-424b-9868-57a2d4851a1d" />
    <TestList name="All Loaded Results" id="19431567-8539-422a-85d7-44ee4e166bda" />
  </TestLists>
  <TestEntries>
    <TestEntry testId="c8c7b80d-5a20-9d98-f709-9bce4e95f560" executionId="01684e3d-d1a8-4bc4-85c6-7e5dd0103569" testListId="8c84fa94-04c1-424b-9868-57a2d4851a1d" />
    <TestEntry testId="e950277a-96dc-0149-e631-9a6a18b0a887" executionId="5d85c352-b1a0-41f6-a0ab-7efff94ec4d7" testListId="8c84fa94-04c1-424b-9868-57a2d4851a1d" />
  </TestEntries>
  <Results>
    <UnitTestResult executionId="01684e3d-d1a8-4bc4-85c6-7e5dd0103569" testId="c8c7b80d-5a20-9d98-f709-9bce4e95f560" testName="InvaliLogin_123Gmail_Com" computerName="MAHESH-PC" duration="00:00:24.7845891" startTime="2014-08-28T18:35:33.5911416+01:00" endTime="2014-08-28T18:35:59.1066010+01:00" testType="13cdc9d9-ddb5-4fa4-a97d-d965ccfc6d4b" outcome="Passed" testListId="8c84fa94-04c1-424b-9868-57a2d4851a1d" relativeResultsDirectory="01684e3d-d1a8-4bc4-85c6-7e5dd0103569">
      <Output>
        <StdOut>Given I am on OnlineShop page
-&gt; done: AllGiven.GivenIAmOnOnlineShopPage() (13.6s)
When I enter invalid username "123@gmail.com" and password "asdrfd"
-&gt; done: AllWhen.WhenIEnterInvalidUsernameAndPassword("123@gmail.com", "asdrfd") (8.0s)
Then I shoud see error message being displayed
-&gt; done: AllThen.ThenIShoudSeeErrorMessageBeingDisplayed() (2.3s)
Page source: file:///C:/Users/Mahesh/Documents/Visual Studio 2010/Projects/MarieCurieTests/TestResults/Mahesh_MAHESH-PC 2014-08-28 18_35_32/Out/testresults/error_InValidLogin_Invali Login_20140828_183558_source.html
Screenshot: file:///C:/Users/Mahesh/Documents/Visual Studio 2010/Projects/MarieCurieTests/TestResults/Mahesh_MAHESH-PC 2014-08-28 18_35_32/Out/testresults/error_InValidLogin_Invali Login_20140828_183558_screenshot.png</StdOut>
        <DebugTrace>1
</DebugTrace>
      </Output>
    </UnitTestResult>
    <UnitTestResult executionId="5d85c352-b1a0-41f6-a0ab-7efff94ec4d7" testId="e950277a-96dc-0149-e631-9a6a18b0a887" testName="InvaliLogin_AbcGmail_Com" computerName="MAHESH-PC" duration="00:00:07.8095474" startTime="2014-08-28T18:35:59.1096012+01:00" endTime="2014-08-28T18:36:06.9380489+01:00" testType="13cdc9d9-ddb5-4fa4-a97d-d965ccfc6d4b" outcome="Passed" testListId="8c84fa94-04c1-424b-9868-57a2d4851a1d" relativeResultsDirectory="5d85c352-b1a0-41f6-a0ab-7efff94ec4d7">
      <Output>
        <StdOut>Given I am on OnlineShop page
-&gt; done: AllGiven.GivenIAmOnOnlineShopPage() (0.2s)
When I enter invalid username "abc@gmail.com" and password "12345"
-&gt; done: AllWhen.WhenIEnterInvalidUsernameAndPassword("abc@gmail.com", "12345") (4.5s)
Then I shoud see error message being displayed
-&gt; done: AllThen.ThenIShoudSeeErrorMessageBeingDisplayed() (2.6s)
Page source: file:///C:/Users/Mahesh/Documents/Visual Studio 2010/Projects/MarieCurieTests/TestResults/Mahesh_MAHESH-PC 2014-08-28 18_35_32/Out/testresults/error_InValidLogin_Invali Login_20140828_183606_source.html
Screenshot: file:///C:/Users/Mahesh/Documents/Visual Studio 2010/Projects/MarieCurieTests/TestResults/Mahesh_MAHESH-PC 2014-08-28 18_35_32/Out/testresults/error_InValidLogin_Invali Login_20140828_183606_screenshot.png</StdOut>
      </Output>
    </UnitTestResult>
  </Results>
</TestRun>