<?xml version="1.0" encoding="UTF-8"?>
<TestRun id="fbdc0d7f-ec45-48a9-a3d7-74a5b7676a23" name="Mahesh@MAHESH-PC 2014-08-28 16:58:31" runUser="Mahesh-PC\Mahesh" xmlns="http://microsoft.com/schemas/VisualStudio/TeamTest/2010">
  <TestSettings name="Local" id="af669413-876e-4c9c-addc-5ada33b1b9d2">
    <Description>These are default test settings for a local test run.</Description>
    <Deployment enabled="false" runDeploymentRoot="Mahesh_MAHESH-PC 2014-08-28 16_58_31">
      <DeploymentItem filename="C:\Users\Mahesh\Documents\Visual Studio 2010\Projects\MarieCurieTests\packages\Selenium.WebDriver.2.42.0\lib\net40\WebDriver.dll" />
      <DeploymentItem filename="C:\Users\Mahesh\Documents\Visual Studio 2010\Projects\MarieCurieTests\packages\Selenium.Support.2.42.0\lib\net40\WebDriver.Support.dll" />
      <DeploymentItem filename="C:\Users\Mahesh\Documents\Visual Studio 2010\Projects\MarieCurieTests\packages\SpecFlow.1.9.0\lib\net35\TechTalk.SpecFlow.dll" />
    </Deployment>
    <Execution>
      <TestTypeSpecific />
      <AgentRule name="Execution Agents">
      </AgentRule>
    </Execution>
  </TestSettings>
  <Times creation="2014-08-28T16:58:31.1301159+01:00" queuing="2014-08-28T16:58:32.7532087+01:00" start="2014-08-28T16:58:32.8922167+01:00" finish="2014-08-28T16:59:06.3371296+01:00" />
  <ResultSummary outcome="Failed">
    <Counters total="1" executed="1" error="0" failed="1" timeout="0" aborted="0" inconclusive="0" passedButRunAborted="0" notRunnable="0" notExecuted="0" disconnected="0" warning="0" passed="0" completed="0" inProgress="0" pending="0" />
  </ResultSummary>
  <TestDefinitions>
    <UnitTest name="ImagesAreRenderedProperly" storage="c:\users\mahesh\documents\visual studio 2010\projects\mariecurietests\mariecurietests\bin\debug\mariecurietests.dll" id="ff389ca3-d528-90fa-bd53-3485174bbf70">
      <Description>Images are rendered properly</Description>
      <TestCategory>
        <TestCategoryItem TestCategory="mytag" />
      </TestCategory>
      <Execution id="97804ef2-cff3-4939-b335-3f2273d9fd7c" />
      <Properties>
        <Property>
          <Key>FeatureTitle</Key>
          <Value>is Image displayed</Value>
        </Property>
      </Properties>
      <TestMethod codeBase="C:/Users/Mahesh/Documents/Visual Studio 2010/Projects/MarieCurieTests/MarieCurieTests/bin/Debug/MarieCurieTests.DLL" adapterTypeName="Microsoft.VisualStudio.TestTools.TestTypes.Unit.UnitTestAdapter, Microsoft.VisualStudio.QualityTools.Tips.UnitTest.Adapter, Version=10.0.0.0, Culture=neutral, PublicKeyToken=b03f5f7f11d50a3a" className="MarieCurieTests.Features.IsImageDisplayedFeature, MarieCurieTests, Version=1.0.0.0, Culture=neutral, PublicKeyToken=null" name="ImagesAreRenderedProperly" />
    </UnitTest>
  </TestDefinitions>
  <TestLists>
    <TestList name="Results Not in a List" id="8c84fa94-04c1-424b-9868-57a2d4851a1d" />
    <TestList name="All Loaded Results" id="19431567-8539-422a-85d7-44ee4e166bda" />
  </TestLists>
  <TestEntries>
    <TestEntry testId="ff389ca3-d528-90fa-bd53-3485174bbf70" executionId="97804ef2-cff3-4939-b335-3f2273d9fd7c" testListId="8c84fa94-04c1-424b-9868-57a2d4851a1d" />
  </TestEntries>
  <Results>
    <UnitTestResult executionId="97804ef2-cff3-4939-b335-3f2273d9fd7c" testId="ff389ca3-d528-90fa-bd53-3485174bbf70" testName="ImagesAreRenderedProperly" computerName="MAHESH-PC" duration="00:00:30.1374902" startTime="2014-08-28T16:58:33.0322247+01:00" endTime="2014-08-28T16:59:04.4240202+01:00" testType="13cdc9d9-ddb5-4fa4-a97d-d965ccfc6d4b" outcome="Failed" testListId="8c84fa94-04c1-424b-9868-57a2d4851a1d" relativeResultsDirectory="97804ef2-cff3-4939-b335-3f2273d9fd7c">
      <Output>
        <StdOut>Given I am on Shop Page
-&gt; done: AllGiven.GivenIAmOnShopPage() (13.1s)
Then I should see images are displayed
-&gt; error: Assert.AreNotEqual failed. Expected any value except:&lt;&gt;. Actual:&lt;&gt;.</StdOut>
        <DebugTrace>1
</DebugTrace>
        <ErrorInfo>
          <Message>Assert.AreNotEqual failed. Expected any value except:&lt;&gt;. Actual:&lt;&gt;. </Message>
          <StackTrace>   at MarieCurieTests.StepDefinitions.AllThen.ThenIShouldSeeImagesAreDisplayed() in C:\Users\Mahesh\Documents\Visual Studio 2010\Projects\MarieCurieTests\MarieCurieTests\StepDefinitions\AllThen.cs:line 58
   at lambda_method(Closure , IContextManager )
   at TechTalk.SpecFlow.Bindings.BindingInvoker.InvokeBinding(IBinding binding, IContextManager contextManager, Object[] arguments, ITestTracer testTracer, TimeSpan&amp; duration)
   at TechTalk.SpecFlow.Infrastructure.TestExecutionEngine.ExecuteStepMatch(BindingMatch match, Object[] arguments)
   at TechTalk.SpecFlow.Infrastructure.TestExecutionEngine.ExecuteStep(StepInstance stepInstance)
   at TechTalk.SpecFlow.Infrastructure.TestExecutionEngine.OnAfterLastStep()
   at TechTalk.SpecFlow.TestRunner.CollectScenarioErrors()
   at MarieCurieTests.Features.IsImageDisplayedFeature.ScenarioCleanup() in C:\Users\Mahesh\Documents\Visual Studio 2010\Projects\MarieCurieTests\MarieCurieTests\Features\is Image displayed.feature.cs:line 0
   at MarieCurieTests.Features.IsImageDisplayedFeature.ImagesAreRenderedProperly() in c:\Users\Mahesh\Documents\Visual Studio 2010\Projects\MarieCurieTests\MarieCurieTests\Features\is Image displayed.feature:line 8
</StackTrace>
        </ErrorInfo>
      </Output>
    </UnitTestResult>
  </Results>
</TestRun>