<?xml version="1.0" encoding="UTF-8"?>
<TestRun id="e3c8903d-5150-4fdd-a92d-9ef66ec2b203" name="Mahesh@MAHESH-PC 2014-08-28 16:50:30" runUser="Mahesh-PC\Mahesh" xmlns="http://microsoft.com/schemas/VisualStudio/TeamTest/2010">
  <TestSettings name="Local" id="af669413-876e-4c9c-addc-5ada33b1b9d2">
    <Description>These are default test settings for a local test run.</Description>
    <Deployment enabled="false" runDeploymentRoot="Mahesh_MAHESH-PC 2014-08-28 16_50_30">
      <DeploymentItem filename="C:\Users\Mahesh\Documents\Visual Studio 2010\Projects\MarieCurieTests\packages\Selenium.WebDriver.2.42.0\lib\net40\WebDriver.dll" />
      <DeploymentItem filename="C:\Users\Mahesh\Documents\Visual Studio 2010\Projects\MarieCurieTests\packages\Selenium.Support.2.42.0\lib\net40\WebDriver.Support.dll" />
      <DeploymentItem filename="C:\Users\Mahesh\Documents\Visual Studio 2010\Projects\MarieCurieTests\packages\SpecFlow.1.9.0\lib\net35\TechTalk.SpecFlow.dll" />
    </Deployment>
    <Execution>
      <TestTypeSpecific />
      <AgentRule name="Execution Agents">
      </AgentRule>
    </Execution>
  </TestSettings>
  <Times creation="2014-08-28T16:50:30.9136491+01:00" queuing="2014-08-28T16:50:35.3129007+01:00" start="2014-08-28T16:50:35.6119178+01:00" finish="2014-08-28T16:52:15.5516340+01:00" />
  <ResultSummary outcome="Error">
    <Counters total="7" executed="3" passed="2" error="0" failed="0" timeout="0" aborted="1" inconclusive="0" passedButRunAborted="0" notRunnable="0" notExecuted="4" disconnected="0" warning="0" completed="0" inProgress="0" pending="0" />
    <RunInfos>
      <RunInfo computerName="MAHESH-PC" outcome="Error" timestamp="2014-08-28T16:52:15.5476338+01:00">
        <Text>Test host process exited unexpectedly.</Text>
      </RunInfo>
    </RunInfos>
  </ResultSummary>
  <TestDefinitions>
    <UnitTest name="Donation_MakeAOne_OffDonation" storage="c:\users\mahesh\documents\visual studio 2010\projects\mariecurietests\mariecurietests\bin\debug\mariecurietests.dll" id="bde68202-514c-5b5f-d89c-43cc7206a39f">
      <Description>Donation</Description>
      <TestCategory>
        <TestCategoryItem TestCategory="mytag" />
      </TestCategory>
      <Execution id="8c1615cd-07bb-4ac9-bc71-5915c9c76026" />
      <Properties>
        <Property>
          <Key>FeatureTitle</Key>
          <Value>MakeDonation</Value>
        </Property>
        <Property>
          <Key>VariantName</Key>
          <Value>Make a one-off donation</Value>
        </Property>
        <Property>
          <Key>Parameter:Donation Type</Key>
          <Value>Make a one-off donation</Value>
        </Property>
        <Property>
          <Key>Parameter:PageHeader</Key>
          <Value>Make a one-off donation</Value>
        </Property>
      </Properties>
      <TestMethod codeBase="C:/Users/Mahesh/Documents/Visual Studio 2010/Projects/MarieCurieTests/MarieCurieTests/bin/Debug/MarieCurieTests.DLL" adapterTypeName="Microsoft.VisualStudio.TestTools.TestTypes.Unit.UnitTestAdapter, Microsoft.VisualStudio.QualityTools.Tips.UnitTest.Adapter, Version=10.0.0.0, Culture=neutral, PublicKeyToken=b03f5f7f11d50a3a" className="MarieCurieTests.Features.MakeDonationFeature, MarieCurieTests, Version=1.0.0.0, Culture=neutral, PublicKeyToken=null" name="Donation_MakeAOne_OffDonation" />
    </UnitTest>
    <UnitTest name="ImagesAreRenderedProperly" storage="c:\users\mahesh\documents\visual studio 2010\projects\mariecurietests\mariecurietests\bin\debug\mariecurietests.dll" id="ff389ca3-d528-90fa-bd53-3485174bbf70">
      <Description>Images are rendered properly</Description>
      <TestCategory>
        <TestCategoryItem TestCategory="mytag" />
      </TestCategory>
      <Execution id="3a93bc35-8e41-448b-883f-04fe2d671f24" />
      <Properties>
        <Property>
          <Key>FeatureTitle</Key>
          <Value>is Image displayed</Value>
        </Property>
      </Properties>
      <TestMethod codeBase="C:/Users/Mahesh/Documents/Visual Studio 2010/Projects/MarieCurieTests/MarieCurieTests/bin/Debug/MarieCurieTests.DLL" adapterTypeName="Microsoft.VisualStudio.TestTools.TestTypes.Unit.UnitTestAdapter, Microsoft.VisualStudio.QualityTools.Tips.UnitTest.Adapter, Version=10.0.0.0, Culture=neutral, PublicKeyToken=b03f5f7f11d50a3a" className="MarieCurieTests.Features.IsImageDisplayedFeature, MarieCurieTests, Version=1.0.0.0, Culture=neutral, PublicKeyToken=null" name="ImagesAreRenderedProperly" />
    </UnitTest>
    <UnitTest name="InvaliLogin_123Gmail_Com" storage="c:\users\mahesh\documents\visual studio 2010\projects\mariecurietests\mariecurietests\bin\debug\mariecurietests.dll" id="c8c7b80d-5a20-9d98-f709-9bce4e95f560">
      <Description>Invali Login</Description>
      <TestCategory>
        <TestCategoryItem TestCategory="mytag" />
      </TestCategory>
      <Execution id="ec1358ad-b366-45a6-a235-47e2a5efdca8" />
      <Properties>
        <Property>
          <Key>FeatureTitle</Key>
          <Value>InValidLogin</Value>
        </Property>
        <Property>
          <Key>Parameter:password</Key>
          <Value>asdrfd</Value>
        </Property>
        <Property>
          <Key>Parameter:Username</Key>
          <Value>123@gmail.com</Value>
        </Property>
        <Property>
          <Key>VariantName</Key>
          <Value>123@gmail.com</Value>
        </Property>
      </Properties>
      <TestMethod codeBase="C:/Users/Mahesh/Documents/Visual Studio 2010/Projects/MarieCurieTests/MarieCurieTests/bin/Debug/MarieCurieTests.DLL" adapterTypeName="Microsoft.VisualStudio.TestTools.TestTypes.Unit.UnitTestAdapter, Microsoft.VisualStudio.QualityTools.Tips.UnitTest.Adapter, Version=10.0.0.0, Culture=neutral, PublicKeyToken=b03f5f7f11d50a3a" className="MarieCurieTests.Features.InValidLoginFeature, MarieCurieTests, Version=1.0.0.0, Culture=neutral, PublicKeyToken=null" name="InvaliLogin_123Gmail_Com" />
    </UnitTest>
    <UnitTest name="ValidatingHomePage" storage="c:\users\mahesh\documents\visual studio 2010\projects\mariecurietests\mariecurietests\bin\debug\mariecurietests.dll" id="9edd59c7-39eb-d548-62ec-967b9e836d13">
      <Description>Validating Home Page</Description>
      <Execution id="412aa213-e6ab-4311-95ab-e77a6723018a" />
      <Properties>
        <Property>
          <Key>FeatureTitle</Key>
          <Value>ValidateHomePage</Value>
        </Property>
      </Properties>
      <TestMethod codeBase="C:/Users/Mahesh/Documents/Visual Studio 2010/Projects/MarieCurieTests/MarieCurieTests/bin/Debug/MarieCurieTests.DLL" adapterTypeName="Microsoft.VisualStudio.TestTools.TestTypes.Unit.UnitTestAdapter, Microsoft.VisualStudio.QualityTools.Tips.UnitTest.Adapter, Version=10.0.0.0, Culture=neutral, PublicKeyToken=b03f5f7f11d50a3a" className="MarieCurieTests.Features.ValidateHomePageFeature, MarieCurieTests, Version=1.0.0.0, Culture=neutral, PublicKeyToken=null" name="ValidatingHomePage" />
    </UnitTest>
    <UnitTest name="Donation_MakeARegularDonation" storage="c:\users\mahesh\documents\visual studio 2010\projects\mariecurietests\mariecurietests\bin\debug\mariecurietests.dll" id="838a989b-3c8e-cdc6-cf57-1d4ff66afa82">
      <Description>Donation</Description>
      <TestCategory>
        <TestCategoryItem TestCategory="mytag" />
      </TestCategory>
      <Execution id="61995662-abf6-4361-b20a-ad8345024414" />
      <Properties>
        <Property>
          <Key>FeatureTitle</Key>
          <Value>MakeDonation</Value>
        </Property>
        <Property>
          <Key>VariantName</Key>
          <Value>Make a regular donation</Value>
        </Property>
        <Property>
          <Key>Parameter:Donation Type</Key>
          <Value>Make a regular donation</Value>
        </Property>
        <Property>
          <Key>Parameter:PageHeader</Key>
          <Value>Make a donation</Value>
        </Property>
      </Properties>
      <TestMethod codeBase="C:/Users/Mahesh/Documents/Visual Studio 2010/Projects/MarieCurieTests/MarieCurieTests/bin/Debug/MarieCurieTests.DLL" adapterTypeName="Microsoft.VisualStudio.TestTools.TestTypes.Unit.UnitTestAdapter, Microsoft.VisualStudio.QualityTools.Tips.UnitTest.Adapter, Version=10.0.0.0, Culture=neutral, PublicKeyToken=b03f5f7f11d50a3a" className="MarieCurieTests.Features.MakeDonationFeature, MarieCurieTests, Version=1.0.0.0, Culture=neutral, PublicKeyToken=null" name="Donation_MakeARegularDonation" />
    </UnitTest>
    <UnitTest name="ValidatingTabContentOnHomePage" storage="c:\users\mahesh\documents\visual studio 2010\projects\mariecurietests\mariecurietests\bin\debug\mariecurietests.dll" id="0b7d4888-3690-0dd8-8390-a4d6ebe9e687">
      <Description>Validating Tab content on Home Page</Description>
      <TestCategory>
        <TestCategoryItem TestCategory="mytag" />
      </TestCategory>
      <Execution id="97a5d0af-c33f-4ea1-ade6-d678a265c3e6" />
      <Properties>
        <Property>
          <Key>FeatureTitle</Key>
          <Value>ValidateHomePageTabs</Value>
        </Property>
      </Properties>
      <TestMethod codeBase="C:/Users/Mahesh/Documents/Visual Studio 2010/Projects/MarieCurieTests/MarieCurieTests/bin/Debug/MarieCurieTests.DLL" adapterTypeName="Microsoft.VisualStudio.TestTools.TestTypes.Unit.UnitTestAdapter, Microsoft.VisualStudio.QualityTools.Tips.UnitTest.Adapter, Version=10.0.0.0, Culture=neutral, PublicKeyToken=b03f5f7f11d50a3a" className="MarieCurieTests.Features.ValidateHomePageTabsFeature, MarieCurieTests, Version=1.0.0.0, Culture=neutral, PublicKeyToken=null" name="ValidatingTabContentOnHomePage" />
    </UnitTest>
    <UnitTest name="InvaliLogin_AbcGmail_Com" storage="c:\users\mahesh\documents\visual studio 2010\projects\mariecurietests\mariecurietests\bin\debug\mariecurietests.dll" id="e950277a-96dc-0149-e631-9a6a18b0a887">
      <Description>Invali Login</Description>
      <TestCategory>
        <TestCategoryItem TestCategory="mytag" />
      </TestCategory>
      <Execution id="0ae18a56-d090-49a4-8498-ade27ae138ba" />
      <Properties>
        <Property>
          <Key>FeatureTitle</Key>
          <Value>InValidLogin</Value>
        </Property>
        <Property>
          <Key>VariantName</Key>
          <Value>abc@gmail.com</Value>
        </Property>
        <Property>
          <Key>Parameter:Username</Key>
          <Value>abc@gmail.com</Value>
        </Property>
        <Property>
          <Key>Parameter:password</Key>
          <Value>12345</Value>
        </Property>
      </Properties>
      <TestMethod codeBase="C:/Users/Mahesh/Documents/Visual Studio 2010/Projects/MarieCurieTests/MarieCurieTests/bin/Debug/MarieCurieTests.DLL" adapterTypeName="Microsoft.VisualStudio.TestTools.TestTypes.Unit.UnitTestAdapter, Microsoft.VisualStudio.QualityTools.Tips.UnitTest.Adapter, Version=10.0.0.0, Culture=neutral, PublicKeyToken=b03f5f7f11d50a3a" className="MarieCurieTests.Features.InValidLoginFeature, MarieCurieTests, Version=1.0.0.0, Culture=neutral, PublicKeyToken=null" name="InvaliLogin_AbcGmail_Com" />
    </UnitTest>
  </TestDefinitions>
  <TestLists>
    <TestList name="Results Not in a List" id="8c84fa94-04c1-424b-9868-57a2d4851a1d" />
    <TestList name="All Loaded Results" id="19431567-8539-422a-85d7-44ee4e166bda" />
  </TestLists>
  <TestEntries>
    <TestEntry testId="0b7d4888-3690-0dd8-8390-a4d6ebe9e687" executionId="97a5d0af-c33f-4ea1-ade6-d678a265c3e6" testListId="8c84fa94-04c1-424b-9868-57a2d4851a1d" />
    <TestEntry testId="838a989b-3c8e-cdc6-cf57-1d4ff66afa82" executionId="61995662-abf6-4361-b20a-ad8345024414" testListId="8c84fa94-04c1-424b-9868-57a2d4851a1d" />
    <TestEntry testId="9edd59c7-39eb-d548-62ec-967b9e836d13" executionId="412aa213-e6ab-4311-95ab-e77a6723018a" testListId="8c84fa94-04c1-424b-9868-57a2d4851a1d" />
    <TestEntry testId="bde68202-514c-5b5f-d89c-43cc7206a39f" executionId="8c1615cd-07bb-4ac9-bc71-5915c9c76026" testListId="8c84fa94-04c1-424b-9868-57a2d4851a1d" />
    <TestEntry testId="c8c7b80d-5a20-9d98-f709-9bce4e95f560" executionId="ec1358ad-b366-45a6-a235-47e2a5efdca8" testListId="8c84fa94-04c1-424b-9868-57a2d4851a1d" />
    <TestEntry testId="e950277a-96dc-0149-e631-9a6a18b0a887" executionId="0ae18a56-d090-49a4-8498-ade27ae138ba" testListId="8c84fa94-04c1-424b-9868-57a2d4851a1d" />
    <TestEntry testId="ff389ca3-d528-90fa-bd53-3485174bbf70" executionId="3a93bc35-8e41-448b-883f-04fe2d671f24" testListId="8c84fa94-04c1-424b-9868-57a2d4851a1d" />
  </TestEntries>
  <Results>
    <UnitTestResult executionId="97a5d0af-c33f-4ea1-ade6-d678a265c3e6" testId="0b7d4888-3690-0dd8-8390-a4d6ebe9e687" testName="ValidatingTabContentOnHomePage" computerName="MAHESH-PC" duration="00:00:23.3753920" startTime="2014-08-28T16:50:35.9329362+01:00" endTime="2014-08-28T16:51:01.0733741+01:00" testType="13cdc9d9-ddb5-4fa4-a97d-d965ccfc6d4b" outcome="Passed" testListId="8c84fa94-04c1-424b-9868-57a2d4851a1d" relativeResultsDirectory="97a5d0af-c33f-4ea1-ade6-d678a265c3e6">
      <Output>
        <StdOut>Given I enter homepage url
-&gt; done: AllGiven.GivenIEnterHomepageUrl() (21.3s)
Then I should see tab contents with one active at any time
-&gt; done: AllThen.ThenIShouldSeeTabContentsWithOneActiveAtAnyTime() (1.7s)</StdOut>
        <DebugTrace>1
</DebugTrace>
      </Output>
    </UnitTestResult>
    <UnitTestResult executionId="61995662-abf6-4361-b20a-ad8345024414" testId="838a989b-3c8e-cdc6-cf57-1d4ff66afa82" testName="Donation_MakeARegularDonation" computerName="MAHESH-PC" duration="00:00:09.4190713" startTime="2014-08-28T16:51:01.1553788+01:00" endTime="2014-08-28T16:51:10.6199201+01:00" testType="13cdc9d9-ddb5-4fa4-a97d-d965ccfc6d4b" outcome="Passed" testListId="8c84fa94-04c1-424b-9868-57a2d4851a1d" relativeResultsDirectory="61995662-abf6-4361-b20a-ad8345024414">
      <Output>
        <StdOut>Given I am on Donation Page
-&gt; done: AllGiven.GivenIAmOnDonationPage() (2.1s)
When I choose donation type "Make a regular donation"
-&gt; done: AllWhen.WhenIChooseDonationType("Make a regular do...") (3.6s)
Then I should see relevent pages "Make a donation"
-&gt; done: AllThen.ThenIShouldSeeReleventPages("Make a donation") (3.5s)</StdOut>
      </Output>
    </UnitTestResult>
    <UnitTestResult executionId="412aa213-e6ab-4311-95ab-e77a6723018a" testId="9edd59c7-39eb-d548-62ec-967b9e836d13" testName="ValidatingHomePage" computerName="MAHESH-PC" duration="00:01:04.8087069" startTime="2014-08-28T16:51:10.7419271+01:00" endTime="2014-08-28T16:52:15.5506340+01:00" testType="13cdc9d9-ddb5-4fa4-a97d-d965ccfc6d4b" outcome="Aborted" testListId="8c84fa94-04c1-424b-9868-57a2d4851a1d" relativeResultsDirectory="412aa213-e6ab-4311-95ab-e77a6723018a">
    </UnitTestResult>
    <UnitTestResult executionId="8c1615cd-07bb-4ac9-bc71-5915c9c76026" testId="bde68202-514c-5b5f-d89c-43cc7206a39f" testName="Donation_MakeAOne_OffDonation" computerName="MAHESH-PC" testType="13cdc9d9-ddb5-4fa4-a97d-d965ccfc6d4b" outcome="NotExecuted" testListId="8c84fa94-04c1-424b-9868-57a2d4851a1d" relativeResultsDirectory="8c1615cd-07bb-4ac9-bc71-5915c9c76026">
    </UnitTestResult>
    <UnitTestResult executionId="ec1358ad-b366-45a6-a235-47e2a5efdca8" testId="c8c7b80d-5a20-9d98-f709-9bce4e95f560" testName="InvaliLogin_123Gmail_Com" computerName="MAHESH-PC" testType="13cdc9d9-ddb5-4fa4-a97d-d965ccfc6d4b" outcome="NotExecuted" testListId="8c84fa94-04c1-424b-9868-57a2d4851a1d" relativeResultsDirectory="ec1358ad-b366-45a6-a235-47e2a5efdca8">
    </UnitTestResult>
    <UnitTestResult executionId="0ae18a56-d090-49a4-8498-ade27ae138ba" testId="e950277a-96dc-0149-e631-9a6a18b0a887" testName="InvaliLogin_AbcGmail_Com" computerName="MAHESH-PC" testType="13cdc9d9-ddb5-4fa4-a97d-d965ccfc6d4b" outcome="NotExecuted" testListId="8c84fa94-04c1-424b-9868-57a2d4851a1d" relativeResultsDirectory="0ae18a56-d090-49a4-8498-ade27ae138ba">
    </UnitTestResult>
    <UnitTestResult executionId="3a93bc35-8e41-448b-883f-04fe2d671f24" testId="ff389ca3-d528-90fa-bd53-3485174bbf70" testName="ImagesAreRenderedProperly" computerName="MAHESH-PC" testType="13cdc9d9-ddb5-4fa4-a97d-d965ccfc6d4b" outcome="NotExecuted" testListId="8c84fa94-04c1-424b-9868-57a2d4851a1d" relativeResultsDirectory="3a93bc35-8e41-448b-883f-04fe2d671f24">
    </UnitTestResult>
  </Results>
</TestRun>