<?xml version="1.0" encoding="UTF-8"?>
<TestRun id="95764cd0-e8bb-438e-b83f-d3b99c58085c" name="Mahesh@MAHESH-PC 2014-08-26 21:16:20" runUser="Mahesh-PC\Mahesh" xmlns="http://microsoft.com/schemas/VisualStudio/TeamTest/2010">
  <TestSettings name="Local" id="af669413-876e-4c9c-addc-5ada33b1b9d2">
    <Description>These are default test settings for a local test run.</Description>
    <Deployment enabled="false" runDeploymentRoot="Mahesh_MAHESH-PC 2014-08-26 21_16_20">
      <DeploymentItem filename="C:\Users\Mahesh\Documents\Visual Studio 2010\Projects\MarieCurieTests\packages\Selenium.WebDriver.2.42.0\lib\net40\WebDriver.dll" />
      <DeploymentItem filename="C:\Users\Mahesh\Documents\Visual Studio 2010\Projects\MarieCurieTests\packages\Selenium.Support.2.42.0\lib\net40\WebDriver.Support.dll" />
      <DeploymentItem filename="C:\Users\Mahesh\Documents\Visual Studio 2010\Projects\MarieCurieTests\packages\SpecFlow.1.9.0\lib\net35\TechTalk.SpecFlow.dll" />
    </Deployment>
    <Execution>
      <TestTypeSpecific />
      <AgentRule name="Execution Agents">
      </AgentRule>
    </Execution>
  </TestSettings>
  <Times creation="2014-08-26T21:16:20.0725820+01:00" queuing="2014-08-26T21:16:21.8316826+01:00" start="2014-08-26T21:16:22.1357000+01:00" finish="2014-08-26T21:16:42.5660668+01:00" />
  <ResultSummary outcome="Completed">
    <Counters total="1" executed="1" passed="1" error="0" failed="0" timeout="0" aborted="0" inconclusive="0" passedButRunAborted="0" notRunnable="0" notExecuted="0" disconnected="0" warning="0" completed="0" inProgress="0" pending="0" />
  </ResultSummary>
  <TestDefinitions>
    <UnitTest name="ValidatingHomePage" storage="c:\users\mahesh\documents\visual studio 2010\projects\mariecurietests\mariecurietests\bin\debug\mariecurietests.dll" id="9edd59c7-39eb-d548-62ec-967b9e836d13">
      <Description>Validating Home Page</Description>
      <Execution id="51a58b7f-60c1-45a0-a74d-3ae5ed9dc4cf" />
      <Properties>
        <Property>
          <Key>FeatureTitle</Key>
          <Value>ValidateHomePage</Value>
        </Property>
      </Properties>
      <TestMethod codeBase="C:/Users/Mahesh/Documents/Visual Studio 2010/Projects/MarieCurieTests/MarieCurieTests/bin/Debug/MarieCurieTests.DLL" adapterTypeName="Microsoft.VisualStudio.TestTools.TestTypes.Unit.UnitTestAdapter, Microsoft.VisualStudio.QualityTools.Tips.UnitTest.Adapter, Version=10.0.0.0, Culture=neutral, PublicKeyToken=b03f5f7f11d50a3a" className="MarieCurieTests.Features.ValidateHomePageFeature, MarieCurieTests, Version=1.0.0.0, Culture=neutral, PublicKeyToken=null" name="ValidatingHomePage" />
    </UnitTest>
  </TestDefinitions>
  <TestLists>
    <TestList name="Results Not in a List" id="8c84fa94-04c1-424b-9868-57a2d4851a1d" />
    <TestList name="All Loaded Results" id="19431567-8539-422a-85d7-44ee4e166bda" />
  </TestLists>
  <TestEntries>
    <TestEntry testId="9edd59c7-39eb-d548-62ec-967b9e836d13" executionId="51a58b7f-60c1-45a0-a74d-3ae5ed9dc4cf" testListId="8c84fa94-04c1-424b-9868-57a2d4851a1d" />
  </TestEntries>
  <Results>
    <UnitTestResult executionId="51a58b7f-60c1-45a0-a74d-3ae5ed9dc4cf" testId="9edd59c7-39eb-d548-62ec-967b9e836d13" testName="ValidatingHomePage" computerName="MAHESH-PC" duration="00:00:18.7017507" startTime="2014-08-26T21:16:22.3677133+01:00" endTime="2014-08-26T21:16:42.3140524+01:00" testType="13cdc9d9-ddb5-4fa4-a97d-d965ccfc6d4b" outcome="Passed" testListId="8c84fa94-04c1-424b-9868-57a2d4851a1d" relativeResultsDirectory="51a58b7f-60c1-45a0-a74d-3ae5ed9dc4cf">
      <Output>
        <StdOut>Given I enter homepage url
-&gt; done: AllGiven.GivenIEnterHomepageUrl() (14.6s)
Then I should see Homepage
-&gt; done: AllThen.ThenIShouldSeeHomepage() (2.3s)</StdOut>
      </Output>
    </UnitTestResult>
  </Results>
</TestRun>