<?xml version="1.0" encoding="UTF-8"?>
<TestRun id="726ffa8e-49f6-4462-b550-639029927002" name="Mahesh@MAHESH-PC 2014-08-28 16:56:32" runUser="Mahesh-PC\Mahesh" xmlns="http://microsoft.com/schemas/VisualStudio/TeamTest/2010">
  <TestSettings name="Local" id="af669413-876e-4c9c-addc-5ada33b1b9d2">
    <Description>These are default test settings for a local test run.</Description>
    <Deployment enabled="false" runDeploymentRoot="Mahesh_MAHESH-PC 2014-08-28 16_56_32">
      <DeploymentItem filename="C:\Users\Mahesh\Documents\Visual Studio 2010\Projects\MarieCurieTests\packages\Selenium.WebDriver.2.42.0\lib\net40\WebDriver.dll" />
      <DeploymentItem filename="C:\Users\Mahesh\Documents\Visual Studio 2010\Projects\MarieCurieTests\packages\Selenium.Support.2.42.0\lib\net40\WebDriver.Support.dll" />
      <DeploymentItem filename="C:\Users\Mahesh\Documents\Visual Studio 2010\Projects\MarieCurieTests\packages\SpecFlow.1.9.0\lib\net35\TechTalk.SpecFlow.dll" />
    </Deployment>
    <Execution>
      <TestTypeSpecific />
      <AgentRule name="Execution Agents">
      </AgentRule>
    </Execution>
  </TestSettings>
  <Times creation="2014-08-28T16:56:32.0383042+01:00" queuing="2014-08-28T16:56:33.7744035+01:00" start="2014-08-28T16:56:33.9884158+01:00" finish="2014-08-28T16:57:30.2966364+01:00" />
  <ResultSummary outcome="Completed">
    <Counters total="1" executed="1" passed="1" error="0" failed="0" timeout="0" aborted="0" inconclusive="0" passedButRunAborted="0" notRunnable="0" notExecuted="0" disconnected="0" warning="0" completed="0" inProgress="0" pending="0" />
  </ResultSummary>
  <TestDefinitions>
    <UnitTest name="ImagesAreRenderedProperly" storage="c:\users\mahesh\documents\visual studio 2010\projects\mariecurietests\mariecurietests\bin\debug\mariecurietests.dll" id="ff389ca3-d528-90fa-bd53-3485174bbf70">
      <Description>Images are rendered properly</Description>
      <TestCategory>
        <TestCategoryItem TestCategory="mytag" />
      </TestCategory>
      <Execution id="4dd2dab1-6aed-495b-a7d4-7d61448710db" />
      <Properties>
        <Property>
          <Key>FeatureTitle</Key>
          <Value>is Image displayed</Value>
        </Property>
      </Properties>
      <TestMethod codeBase="C:/Users/Mahesh/Documents/Visual Studio 2010/Projects/MarieCurieTests/MarieCurieTests/bin/Debug/MarieCurieTests.DLL" adapterTypeName="Microsoft.VisualStudio.TestTools.TestTypes.Unit.UnitTestAdapter, Microsoft.VisualStudio.QualityTools.Tips.UnitTest.Adapter, Version=10.0.0.0, Culture=neutral, PublicKeyToken=b03f5f7f11d50a3a" className="MarieCurieTests.Features.IsImageDisplayedFeature, MarieCurieTests, Version=1.0.0.0, Culture=neutral, PublicKeyToken=null" name="ImagesAreRenderedProperly" />
    </UnitTest>
  </TestDefinitions>
  <TestLists>
    <TestList name="Results Not in a List" id="8c84fa94-04c1-424b-9868-57a2d4851a1d" />
    <TestList name="All Loaded Results" id="19431567-8539-422a-85d7-44ee4e166bda" />
  </TestLists>
  <TestEntries>
    <TestEntry testId="ff389ca3-d528-90fa-bd53-3485174bbf70" executionId="4dd2dab1-6aed-495b-a7d4-7d61448710db" testListId="8c84fa94-04c1-424b-9868-57a2d4851a1d" />
  </TestEntries>
  <Results>
    <UnitTestResult executionId="4dd2dab1-6aed-495b-a7d4-7d61448710db" testId="ff389ca3-d528-90fa-bd53-3485174bbf70" testName="ImagesAreRenderedProperly" computerName="MAHESH-PC" duration="00:00:52.7838331" startTime="2014-08-28T16:56:34.2024280+01:00" endTime="2014-08-28T16:57:28.3305239+01:00" testType="13cdc9d9-ddb5-4fa4-a97d-d965ccfc6d4b" outcome="Passed" testListId="8c84fa94-04c1-424b-9868-57a2d4851a1d" relativeResultsDirectory="4dd2dab1-6aed-495b-a7d4-7d61448710db">
      <Output>
        <StdOut>Given I am on Shop Page
-&gt; done: AllGiven.GivenIAmOnShopPage() (16.8s)
Then I should see images are displayed
-&gt; done: AllThen.ThenIShouldSeeImagesAreDisplayed() (35.9s)</StdOut>
        <DebugTrace>1
</DebugTrace>
      </Output>
    </UnitTestResult>
  </Results>
</TestRun>