<?xml version="1.0" encoding="UTF-8"?>
<TestRun id="66b0e67f-55b3-45e6-bc59-19ed24c0d216" name="Mahesh@MAHESH-PC 2014-08-26 16:57:05" runUser="Mahesh-PC\Mahesh" xmlns="http://microsoft.com/schemas/VisualStudio/TeamTest/2010">
  <TestSettings name="Local" id="af669413-876e-4c9c-addc-5ada33b1b9d2">
    <Description>These are default test settings for a local test run.</Description>
    <Deployment enabled="false" runDeploymentRoot="Mahesh_MAHESH-PC 2014-08-26 16_57_05">
      <DeploymentItem filename="C:\Users\Mahesh\Documents\Visual Studio 2010\Projects\MarieCurieTests\packages\Selenium.WebDriver.2.42.0\lib\net40\WebDriver.dll" />
      <DeploymentItem filename="C:\Users\Mahesh\Documents\Visual Studio 2010\Projects\MarieCurieTests\packages\Selenium.Support.2.42.0\lib\net40\WebDriver.Support.dll" />
      <DeploymentItem filename="C:\Users\Mahesh\Documents\Visual Studio 2010\Projects\MarieCurieTests\packages\SpecFlow.1.9.0\lib\net35\TechTalk.SpecFlow.dll" />
    </Deployment>
    <Execution>
      <TestTypeSpecific />
      <AgentRule name="Execution Agents">
      </AgentRule>
    </Execution>
  </TestSettings>
  <Times creation="2014-08-26T16:57:05.8717743+01:00" queuing="2014-08-26T16:57:07.9408926+01:00" start="2014-08-26T16:57:08.0919013+01:00" finish="2014-08-26T16:57:25.1638777+01:00" />
  <ResultSummary outcome="Failed">
    <Counters total="1" executed="1" error="0" failed="1" timeout="0" aborted="0" inconclusive="0" passedButRunAborted="0" notRunnable="0" notExecuted="0" disconnected="0" warning="0" passed="0" completed="0" inProgress="0" pending="0" />
  </ResultSummary>
  <TestDefinitions>
    <UnitTest name="ValidatingHomePage" storage="c:\users\mahesh\documents\visual studio 2010\projects\mariecurietests\mariecurietests\bin\debug\mariecurietests.dll" id="9edd59c7-39eb-d548-62ec-967b9e836d13">
      <Description>Validating Home Page</Description>
      <Execution id="892ec2e9-3f07-4815-b0b2-11cbc798a441" />
      <Properties>
        <Property>
          <Key>FeatureTitle</Key>
          <Value>ValidateHomePage</Value>
        </Property>
      </Properties>
      <TestMethod codeBase="C:/Users/Mahesh/Documents/Visual Studio 2010/Projects/MarieCurieTests/MarieCurieTests/bin/Debug/MarieCurieTests.DLL" adapterTypeName="Microsoft.VisualStudio.TestTools.TestTypes.Unit.UnitTestAdapter, Microsoft.VisualStudio.QualityTools.Tips.UnitTest.Adapter, Version=10.0.0.0, Culture=neutral, PublicKeyToken=b03f5f7f11d50a3a" className="MarieCurieTests.Features.ValidateHomePageFeature, MarieCurieTests, Version=1.0.0.0, Culture=neutral, PublicKeyToken=null" name="ValidatingHomePage" />
    </UnitTest>
  </TestDefinitions>
  <TestLists>
    <TestList name="Results Not in a List" id="8c84fa94-04c1-424b-9868-57a2d4851a1d" />
    <TestList name="All Loaded Results" id="19431567-8539-422a-85d7-44ee4e166bda" />
  </TestLists>
  <TestEntries>
    <TestEntry testId="9edd59c7-39eb-d548-62ec-967b9e836d13" executionId="892ec2e9-3f07-4815-b0b2-11cbc798a441" testListId="8c84fa94-04c1-424b-9868-57a2d4851a1d" />
  </TestEntries>
  <Results>
    <UnitTestResult executionId="892ec2e9-3f07-4815-b0b2-11cbc798a441" testId="9edd59c7-39eb-d548-62ec-967b9e836d13" testName="ValidatingHomePage" computerName="MAHESH-PC" duration="00:00:15.1799318" startTime="2014-08-26T16:57:08.1699057+01:00" endTime="2014-08-26T16:57:24.5978454+01:00" testType="13cdc9d9-ddb5-4fa4-a97d-d965ccfc6d4b" outcome="Failed" testListId="8c84fa94-04c1-424b-9868-57a2d4851a1d" relativeResultsDirectory="892ec2e9-3f07-4815-b0b2-11cbc798a441">
      <Output>
        <StdOut>Given I enter homepage url
-&gt; error: Interface cannot be resolved: OpenQA.Selenium.IWebDriver (resolution path: MarieCurieTests.StepDefinitions.AllGiven)
Then I should see Homepage
-&gt; skipped because of previous errors</StdOut>
        <ErrorInfo>
          <Message>Test method MarieCurieTests.Features.ValidateHomePageFeature.ValidatingHomePage threw exception: 
BoDi.ObjectContainerException: Interface cannot be resolved: OpenQA.Selenium.IWebDriver (resolution path: MarieCurieTests.StepDefinitions.AllGiven)</Message>
          <StackTrace>    at BoDi.ObjectContainer.TypeRegistration.Resolve(ObjectContainer container, RegistrationKey keyToResolve, IEnumerable`1 resolutionPath)
   at BoDi.ObjectContainer.CreateObjectFor(RegistrationKey keyToResolve, IEnumerable`1 resolutionPath)
   at BoDi.ObjectContainer.Resolve(Type typeToResolve, IEnumerable`1 resolutionPath, String name)
   at BoDi.ObjectContainer.&lt;&gt;c__DisplayClass6.&lt;ResolveArguments&gt;b__5(ParameterInfo p)
   at System.Linq.Enumerable.WhereSelectArrayIterator`2.MoveNext()
   at System.Linq.Buffer`1..ctor(IEnumerable`1 source)
   at System.Linq.Enumerable.ToArray[TSource](IEnumerable`1 source)
   at BoDi.ObjectContainer.ResolveArguments(IEnumerable`1 parameters, RegistrationKey keyToResolve, IEnumerable`1 resolutionPath)
   at BoDi.ObjectContainer.CreateObject(Type type, IEnumerable`1 resolutionPath, RegistrationKey keyToResolve)
   at BoDi.ObjectContainer.TypeRegistration.Resolve(ObjectContainer container, RegistrationKey keyToResolve, IEnumerable`1 resolutionPath)
   at BoDi.ObjectContainer.CreateObjectFor(RegistrationKey keyToResolve, IEnumerable`1 resolutionPath)
   at BoDi.ObjectContainer.Resolve(Type typeToResolve, IEnumerable`1 resolutionPath, String name)
   at BoDi.ObjectContainer.Resolve(Type typeToResolve, String name)
   at TechTalk.SpecFlow.ScenarioContext.GetBindingInstance(Type bindingType)
   at lambda_method(Closure , IContextManager )
   at TechTalk.SpecFlow.Bindings.BindingInvoker.InvokeBinding(IBinding binding, IContextManager contextManager, Object[] arguments, ITestTracer testTracer, TimeSpan&amp; duration)
   at TechTalk.SpecFlow.Infrastructure.TestExecutionEngine.ExecuteStepMatch(BindingMatch match, Object[] arguments)
   at TechTalk.SpecFlow.Infrastructure.TestExecutionEngine.ExecuteStep(StepInstance stepInstance)
   at TechTalk.SpecFlow.Infrastructure.TestExecutionEngine.OnAfterLastStep()
   at TechTalk.SpecFlow.TestRunner.CollectScenarioErrors()
   at MarieCurieTests.Features.ValidateHomePageFeature.ScenarioCleanup() in C:\Users\Mahesh\Documents\Visual Studio 2010\Projects\MarieCurieTests\MarieCurieTests\Features\ValidateHomePage.feature.cs:line 0
   at MarieCurieTests.Features.ValidateHomePageFeature.ValidatingHomePage() in c:\Users\Mahesh\Documents\Visual Studio 2010\Projects\MarieCurieTests\MarieCurieTests\Features\ValidateHomePage.feature:line 9
</StackTrace>
        </ErrorInfo>
      </Output>
    </UnitTestResult>
  </Results>
</TestRun>